[01:21:40] [Server thread/INFO]: Starting minecraft server version 1.11.2
[01:21:40] [Server thread/INFO]: Loading properties
[01:21:40] [Server thread/INFO]: Default game type: SURVIVAL
[01:21:40] [Server thread/INFO]: This server is running CraftBukkit version null (MC: 1.11.2) (Implementing API version Unknown-Version)
[01:21:41] [Server thread/INFO]: Debug logging is disabled
[01:21:41] [Server thread/INFO]: Using 4 threads for Netty based IO
[01:21:41] [Server thread/INFO]: Server Ping Player Sample Count: 12
[01:21:41] [Server thread/INFO]: Generating keypair
[01:21:41] [Server thread/INFO]: Starting Minecraft server on *:25565
[01:21:41] [Server thread/INFO]: Using default channel type
[01:21:41] [Server thread/INFO]: Set PluginClassLoader as parallel capable
[01:21:41] [Server thread/INFO]: [FastAsyncWorldEdit] Loading FastAsyncWorldEdit v17.07.12-6b6f285-750-13.7.8
[01:21:41] [Server thread/INFO]: [HideNameplates] Loading HideNameplates v1.0.0
[01:21:41] [Server thread/INFO]: [ProtocolLib] Loading ProtocolLib v4.3.0
[01:21:41] [Server thread/WARN]: [ProtocolLib] Assuming package version: v1_11_R1
[01:21:41] [Server thread/INFO]: [WorldEdit] Loading WorldEdit v6.1.7-SNAPSHOT;3677-000c238
[01:21:41] [Server thread/INFO]: [FastAsyncWorldEdit] Enabling FastAsyncWorldEdit v17.07.12-6b6f285-750-13.7.8
[01:21:41] [Server thread/INFO]: Vault is used for persistent `/wea` toggles.
[01:21:42] [Server thread/INFO]: [ProtocolLib] Enabling ProtocolLib v4.3.0
[01:21:42] [Server thread/INFO]: [ProtocolLib] Started structure compiler thread.
[01:21:42] [Server thread/WARN]: **** SERVER IS RUNNING IN OFFLINE/INSECURE MODE!
[01:21:42] [Server thread/WARN]: The server will make no attempt to authenticate usernames. Beware.
[01:21:42] [Server thread/WARN]: While this makes the game possible to play without internet access, it also opens up the ability for hackers to connect with any username they choose.
[01:21:42] [Server thread/WARN]: To change this, set "online-mode" to "true" in the server.properties file.
[01:21:42] [Server thread/INFO]: **** Beginning UUID conversion, this may take A LONG time ****
[01:21:42] [Server thread/INFO]: Preparing level "world"
[01:21:42] [Server thread/INFO]: Preparing start region for level 0 (Seed: -2780883585342380306)
[01:21:43] [Server thread/INFO]: Preparing start region for level 1 (Seed: -2428624485121517051)
[01:21:43] [Server thread/INFO]: Preparing start region for level 2 (Seed: -2428624485121517051)
[01:21:43] [Server thread/INFO]: [HideNameplates] Enabling HideNameplates v1.0.0
[01:21:43] [Server thread/INFO]: [WorldEdit] Enabling WorldEdit v6.1.7-SNAPSHOT;3677-000c238
[01:21:43] [Server thread/INFO]: WEPIF: Using the Bukkit Permissions API.
[01:21:44] [Server thread/WARN]: [WorldEdit] 
**********************************************
** This WorldEdit version does not fully support your version of Bukkit.
**
** When working with blocks or undoing, chests will be empty, signs
** will be blank, and so on. There will be no support for entity
** and biome-related functions.
**
** Please see http://wiki.sk89q.com/wiki/WorldEdit/Bukkit_adapters
**********************************************

[01:21:44] [Server thread/INFO]: Server permissions file permissions.yml is empty, ignoring it
[01:21:44] [Server thread/INFO]: Done (1.894s)! For help, type "help" or "?"
