[02:15:33] [Server thread/INFO]: Starting minecraft server version 1.11.2
[02:15:33] [Server thread/INFO]: Loading properties
[02:15:33] [Server thread/INFO]: Default game type: SURVIVAL
[02:15:33] [Server thread/INFO]: This server is running CraftBukkit version null (MC: 1.11.2) (Implementing API version Unknown-Version)
[02:15:33] [Server thread/INFO]: Debug logging is disabled
[02:15:33] [Server thread/INFO]: Using 4 threads for Netty based IO
[02:15:33] [Server thread/INFO]: Server Ping Player Sample Count: 12
[02:15:33] [Server thread/INFO]: Generating keypair
[02:15:33] [Server thread/INFO]: Starting Minecraft server on *:25565
[02:15:33] [Server thread/INFO]: Using default channel type
[02:15:33] [Server thread/INFO]: Set PluginClassLoader as parallel capable
[02:15:33] [Server thread/INFO]: [FastAsyncWorldEdit] Loading FastAsyncWorldEdit v17.07.12-6b6f285-750-13.7.8
[02:15:33] [Server thread/INFO]: [HideNameplates] Loading HideNameplates v1.0.0
[02:15:33] [Server thread/INFO]: [ProtocolLib] Loading ProtocolLib v4.3.0
[02:15:33] [Server thread/WARN]: [ProtocolLib] Assuming package version: v1_11_R1
[02:15:33] [Server thread/INFO]: [WorldEdit] Loading WorldEdit v6.1.7-SNAPSHOT;3677-000c238
[02:15:33] [Server thread/INFO]: [FastAsyncWorldEdit] Enabling FastAsyncWorldEdit v17.07.12-6b6f285-750-13.7.8
[02:15:34] [Server thread/INFO]: Vault is used for persistent `/wea` toggles.
[02:15:34] [Server thread/INFO]: [ProtocolLib] Enabling ProtocolLib v4.3.0
[02:15:34] [Server thread/INFO]: [ProtocolLib] Started structure compiler thread.
[02:15:34] [Server thread/WARN]: **** SERVER IS RUNNING IN OFFLINE/INSECURE MODE!
[02:15:34] [Server thread/WARN]: The server will make no attempt to authenticate usernames. Beware.
[02:15:34] [Server thread/WARN]: While this makes the game possible to play without internet access, it also opens up the ability for hackers to connect with any username they choose.
[02:15:34] [Server thread/WARN]: To change this, set "online-mode" to "true" in the server.properties file.
[02:15:34] [Server thread/INFO]: **** Beginning UUID conversion, this may take A LONG time ****
[02:15:34] [Server thread/INFO]: Preparing level "world"
[02:15:34] [Server thread/INFO]: Preparing start region for level 0 (Seed: -2780883585342380306)
[02:15:35] [Server thread/INFO]: Preparing start region for level 1 (Seed: -2428624485121517051)
[02:15:36] [Server thread/INFO]: Preparing start region for level 2 (Seed: -2428624485121517051)
[02:15:36] [Server thread/INFO]: [HideNameplates] Enabling HideNameplates v1.0.0
[02:15:36] [Server thread/INFO]: [WorldEdit] Enabling WorldEdit v6.1.7-SNAPSHOT;3677-000c238
[02:15:36] [Server thread/INFO]: WEPIF: Using the Bukkit Permissions API.
[02:15:36] [Server thread/WARN]: [WorldEdit] 
**********************************************
** This WorldEdit version does not fully support your version of Bukkit.
**
** When working with blocks or undoing, chests will be empty, signs
** will be blank, and so on. There will be no support for entity
** and biome-related functions.
**
** Please see http://wiki.sk89q.com/wiki/WorldEdit/Bukkit_adapters
**********************************************

[02:15:36] [Server thread/INFO]: Server permissions file permissions.yml is empty, ignoring it
[02:15:36] [Server thread/INFO]: Done (1.866s)! For help, type "help" or "?"
[02:15:40] [User Authenticator #1/INFO]: UUID of player Exerosis is 3bb556e8-7630-38e1-95dc-e6409c8d6453
[02:15:41] [Server thread/INFO]: Exerosis[/127.0.0.1:51401] logged in with entity id 336 at ([world]-170.9311649677357, 17.0, -1244.9019540094137)
[02:17:09] [Server thread/INFO]: Exerosis lost connection: Disconnected
[02:17:09] [Server thread/INFO]: Exerosis left the game
